{"C:\\Users\\tanke\\OneDrive\\Documents\\PROJECTS\\FizzBuzz\\fizzBuzz.js": {"path":"C:\\Users\\tanke\\OneDrive\\Documents\\PROJECTS\\FizzBuzz\\fizzBuzz.js","statementMap":{"0":{"start":{"line":9,"column":2},"end":{"line":17,"column":3}},"1":{"start":{"line":10,"column":4},"end":{"line":10,"column":22}},"2":{"start":{"line":11,"column":9},"end":{"line":17,"column":3}},"3":{"start":{"line":12,"column":4},"end":{"line":12,"column":18}},"4":{"start":{"line":13,"column":9},"end":{"line":17,"column":3}},"5":{"start":{"line":14,"column":4},"end":{"line":14,"column":18}},"6":{"start":{"line":16,"column":4},"end":{"line":16,"column":18}},"7":{"start":{"line":20,"column":0},"end":{"line":20,"column":26}}},"fnMap":{"0":{"name":"fizzBuzz","decl":{"start":{"line":8,"column":9},"end":{"line":8,"column":17}},"loc":{"start":{"line":8,"column":26},"end":{"line":18,"column":1}},"line":8}},"branchMap":{"0":{"loc":{"start":{"line":9,"column":2},"end":{"line":17,"column":3}},"type":"if","locations":[{"start":{"line":9,"column":2},"end":{"line":17,"column":3}},{"start":{"line":11,"column":9},"end":{"line":17,"column":3}}],"line":9},"1":{"loc":{"start":{"line":9,"column":6},"end":{"line":9,"column":42}},"type":"binary-expr","locations":[{"start":{"line":9,"column":6},"end":{"line":9,"column":22}},{"start":{"line":9,"column":26},"end":{"line":9,"column":42}}],"line":9},"2":{"loc":{"start":{"line":11,"column":9},"end":{"line":17,"column":3}},"type":"if","locations":[{"start":{"line":11,"column":9},"end":{"line":17,"column":3}},{"start":{"line":13,"column":9},"end":{"line":17,"column":3}}],"line":11},"3":{"loc":{"start":{"line":13,"column":9},"end":{"line":17,"column":3}},"type":"if","locations":[{"start":{"line":13,"column":9},"end":{"line":17,"column":3}},{"start":{"line":15,"column":9},"end":{"line":17,"column":3}}],"line":13}},"s":{"0":5,"1":2,"2":3,"3":1,"4":2,"5":1,"6":1,"7":1},"f":{"0":5},"b":{"0":[2,3],"1":[5,3],"2":[1,2],"3":[1,1]},"_coverageSchema":"1a1c01bbd47fc00a2c39e90264f33305004495a9","hash":"68ab73e417ab90b22f31b2c18dfcdedce5242f1b"}
}
